d:\personal\logical zonotope\c++ code\logicazonotope-a5-breaker\a5-logicalzonotope-c-plusplus\a5-1-breaker-cuda\x64\debug\vc143.pdb
d:\personal\logical zonotope\c++ code\logicazonotope-a5-breaker\a5-logicalzonotope-c-plusplus\a5-1-breaker-cuda\x64\debug\vc143.idb
d:\personal\logical zonotope\c++ code\logicazonotope-a5-breaker\a5-logicalzonotope-c-plusplus\a5-1-breaker-cuda\x64\debug\zonotopeoperations.obj
d:\personal\logical zonotope\c++ code\logicazonotope-a5-breaker\a5-logicalzonotope-c-plusplus\a5-1-breaker-cuda\x64\debug\testcases.obj
d:\personal\logical zonotope\c++ code\logicazonotope-a5-breaker\a5-logicalzonotope-c-plusplus\a5-1-breaker-cuda\x64\debug\reversequeue.obj
d:\personal\logical zonotope\c++ code\logicazonotope-a5-breaker\a5-logicalzonotope-c-plusplus\a5-1-breaker-cuda\x64\debug\lightlogicalzonotope.obj
d:\personal\logical zonotope\c++ code\logicazonotope-a5-breaker\a5-logicalzonotope-c-plusplus\a5-1-breaker-cuda\x64\debug\helper.obj
d:\personal\logical zonotope\c++ code\logicazonotope-a5-breaker\a5-logicalzonotope-c-plusplus\a5-1-breaker-cuda\x64\debug\a5_1.obj
d:\personal\logical zonotope\c++ code\logicazonotope-a5-breaker\a5-logicalzonotope-c-plusplus\a5-1-breaker-cuda\x64\debug\a5-1-breaker.obj
d:\personal\logical zonotope\c++ code\logicazonotope-a5-breaker\a5-logicalzonotope-c-plusplus\a5-1-breaker-cuda\x64\debug\kernel.cu.obj
d:\personal\logical zonotope\c++ code\logicazonotope-a5-breaker\a5-logicalzonotope-c-plusplus\x64\debug\a5-1-breaker-cuda.exe
d:\personal\logical zonotope\c++ code\logicazonotope-a5-breaker\a5-logicalzonotope-c-plusplus\x64\debug\a5-1-breaker-cuda.pdb
d:\personal\logical zonotope\c++ code\logicazonotope-a5-breaker\a5-logicalzonotope-c-plusplus\x64\debug\a5-1-breaker-cuda.lib
d:\personal\logical zonotope\c++ code\logicazonotope-a5-breaker\a5-logicalzonotope-c-plusplus\x64\debug\a5-1-breaker-cuda.exp
d:\personal\logical zonotope\c++ code\logicazonotope-a5-breaker\a5-logicalzonotope-c-plusplus\a5-1-breaker-cuda\x64\debug\a5-1-breaker-cuda.ilk
d:\personal\logical zonotope\c++ code\logicazonotope-a5-breaker\a5-logicalzonotope-c-plusplus\a5-1-breaker-cuda\x64\debug\kernel.cu.cache
d:\personal\logical zonotope\c++ code\logicazonotope-a5-breaker\a5-logicalzonotope-c-plusplus\a5-1-breaker-cuda\x64\debug\a5-1-breaker-cuda.device-link.obj
d:\personal\logical zonotope\c++ code\logicazonotope-a5-breaker\a5-logicalzonotope-c-plusplus\a5-1-breaker-cuda\x64\debug\a5-1-bre.07bbf408.tlog\cl.command.1.tlog
d:\personal\logical zonotope\c++ code\logicazonotope-a5-breaker\a5-logicalzonotope-c-plusplus\a5-1-breaker-cuda\x64\debug\a5-1-bre.07bbf408.tlog\cl.items.tlog
d:\personal\logical zonotope\c++ code\logicazonotope-a5-breaker\a5-logicalzonotope-c-plusplus\a5-1-breaker-cuda\x64\debug\a5-1-bre.07bbf408.tlog\cl.read.1.tlog
d:\personal\logical zonotope\c++ code\logicazonotope-a5-breaker\a5-logicalzonotope-c-plusplus\a5-1-breaker-cuda\x64\debug\a5-1-bre.07bbf408.tlog\cl.write.1.tlog
d:\personal\logical zonotope\c++ code\logicazonotope-a5-breaker\a5-logicalzonotope-c-plusplus\a5-1-breaker-cuda\x64\debug\a5-1-bre.07bbf408.tlog\cudacompile.read.1u.tlog
d:\personal\logical zonotope\c++ code\logicazonotope-a5-breaker\a5-logicalzonotope-c-plusplus\a5-1-breaker-cuda\x64\debug\a5-1-bre.07bbf408.tlog\cudacompile.write.1u.tlog
d:\personal\logical zonotope\c++ code\logicazonotope-a5-breaker\a5-logicalzonotope-c-plusplus\a5-1-breaker-cuda\x64\debug\a5-1-bre.07bbf408.tlog\link.command.1.tlog
d:\personal\logical zonotope\c++ code\logicazonotope-a5-breaker\a5-logicalzonotope-c-plusplus\a5-1-breaker-cuda\x64\debug\a5-1-bre.07bbf408.tlog\link.read.1.tlog
d:\personal\logical zonotope\c++ code\logicazonotope-a5-breaker\a5-logicalzonotope-c-plusplus\a5-1-breaker-cuda\x64\debug\a5-1-bre.07bbf408.tlog\link.secondary.1.tlog
d:\personal\logical zonotope\c++ code\logicazonotope-a5-breaker\a5-logicalzonotope-c-plusplus\a5-1-breaker-cuda\x64\debug\a5-1-bre.07bbf408.tlog\link.write.1.tlog
